ALL POSSIBLE RUNS (9)
------------------------------
RUN 1
a(1:1) string
a(4:5) int
c(9:5) int
------------------------------
RUN 2
a(1:1) string
a(4:5) int
d(11:5) int
------------------------------
RUN 3
a(1:1) string
a(4:5) int
a(13:5) boolean
------------------------------
RUN 4
a(1:1) string
b(6:5) int
c(9:5) int
------------------------------
RUN 5
a(1:1) string
b(6:5) int
d(11:5) int
------------------------------
RUN 6
a(1:1) string
b(6:5) int
a(13:5) boolean
------------------------------
RUN 7
a(1:1) string
c(9:5) int
------------------------------
RUN 8
a(1:1) string
d(11:5) int
------------------------------
RUN 9
a(1:1) string
a(13:5) boolean
